{"C:\\Users\\Centizen_User\\Desktop\\folder\\test\\global_functions.js": {"path":"C:\\Users\\Centizen_User\\Desktop\\folder\\test\\global_functions.js","statementMap":{"0":{"start":{"line":1,"column":11},"end":{"line":1,"column":33}},"1":{"start":{"line":3,"column":12},"end":{"line":10,"column":1}},"2":{"start":{"line":4,"column":2},"end":{"line":6,"column":3}},"3":{"start":{"line":5,"column":4},"end":{"line":5,"column":22}},"4":{"start":{"line":7,"column":2},"end":{"line":7,"column":34}},"5":{"start":{"line":8,"column":2},"end":{"line":8,"column":57}},"6":{"start":{"line":8,"column":35},"end":{"line":8,"column":57}},"7":{"start":{"line":9,"column":2},"end":{"line":9,"column":50}},"8":{"start":{"line":12,"column":12},"end":{"line":21,"column":1}},"9":{"start":{"line":13,"column":18},"end":{"line":13,"column":35}},"10":{"start":{"line":15,"column":2},"end":{"line":17,"column":3}},"11":{"start":{"line":16,"column":4},"end":{"line":16,"column":47}},"12":{"start":{"line":19,"column":2},"end":{"line":19,"column":57}},"13":{"start":{"line":19,"column":35},"end":{"line":19,"column":57}},"14":{"start":{"line":20,"column":2},"end":{"line":20,"column":29}},"15":{"start":{"line":23,"column":11},"end":{"line":33,"column":1}},"16":{"start":{"line":24,"column":2},"end":{"line":32,"column":6}},"17":{"start":{"line":27,"column":6},"end":{"line":27,"column":26}},"18":{"start":{"line":30,"column":6},"end":{"line":30,"column":22}},"19":{"start":{"line":35,"column":11},"end":{"line":41,"column":1}},"20":{"start":{"line":36,"column":2},"end":{"line":38,"column":3}},"21":{"start":{"line":37,"column":4},"end":{"line":37,"column":31}},"22":{"start":{"line":40,"column":2},"end":{"line":40,"column":31}},"23":{"start":{"line":44,"column":0},"end":{"line":46,"column":3}},"24":{"start":{"line":45,"column":2},"end":{"line":45,"column":45}},"25":{"start":{"line":48,"column":0},"end":{"line":48,"column":38}}},"fnMap":{"0":{"name":"(anonymous_0)","decl":{"start":{"line":3,"column":12},"end":{"line":3,"column":13}},"loc":{"start":{"line":3,"column":44},"end":{"line":10,"column":1}},"line":3},"1":{"name":"(anonymous_1)","decl":{"start":{"line":12,"column":12},"end":{"line":12,"column":13}},"loc":{"start":{"line":12,"column":39},"end":{"line":21,"column":1}},"line":12},"2":{"name":"(anonymous_2)","decl":{"start":{"line":23,"column":11},"end":{"line":23,"column":12}},"loc":{"start":{"line":23,"column":30},"end":{"line":33,"column":1}},"line":23},"3":{"name":"(anonymous_3)","decl":{"start":{"line":25,"column":10},"end":{"line":25,"column":11}},"loc":{"start":{"line":25,"column":18},"end":{"line":28,"column":5}},"line":25},"4":{"name":"(anonymous_4)","decl":{"start":{"line":28,"column":13},"end":{"line":28,"column":14}},"loc":{"start":{"line":28,"column":20},"end":{"line":31,"column":5}},"line":28},"5":{"name":"(anonymous_5)","decl":{"start":{"line":35,"column":11},"end":{"line":35,"column":12}},"loc":{"start":{"line":35,"column":39},"end":{"line":41,"column":1}},"line":35},"6":{"name":"(anonymous_6)","decl":{"start":{"line":44,"column":33},"end":{"line":44,"column":34}},"loc":{"start":{"line":44,"column":42},"end":{"line":46,"column":1}},"line":44}},"branchMap":{"0":{"loc":{"start":{"line":4,"column":2},"end":{"line":6,"column":3}},"type":"if","locations":[{"start":{"line":4,"column":2},"end":{"line":6,"column":3}},{"start":{},"end":{}}],"line":4},"1":{"loc":{"start":{"line":4,"column":6},"end":{"line":4,"column":65}},"type":"binary-expr","locations":[{"start":{"line":4,"column":6},"end":{"line":4,"column":28}},{"start":{"line":4,"column":32},"end":{"line":4,"column":65}}],"line":4},"2":{"loc":{"start":{"line":8,"column":2},"end":{"line":8,"column":57}},"type":"if","locations":[{"start":{"line":8,"column":2},"end":{"line":8,"column":57}},{"start":{},"end":{}}],"line":8},"3":{"loc":{"start":{"line":15,"column":2},"end":{"line":17,"column":3}},"type":"if","locations":[{"start":{"line":15,"column":2},"end":{"line":17,"column":3}},{"start":{},"end":{}}],"line":15},"4":{"loc":{"start":{"line":19,"column":2},"end":{"line":19,"column":57}},"type":"if","locations":[{"start":{"line":19,"column":2},"end":{"line":19,"column":57}},{"start":{},"end":{}}],"line":19},"5":{"loc":{"start":{"line":36,"column":2},"end":{"line":38,"column":3}},"type":"if","locations":[{"start":{"line":36,"column":2},"end":{"line":38,"column":3}},{"start":{},"end":{}}],"line":36}},"s":{"0":1,"1":1,"2":9,"3":9,"4":9,"5":9,"6":9,"7":9,"8":1,"9":6,"10":6,"11":6,"12":6,"13":6,"14":6,"15":1,"16":36,"17":18,"18":18,"19":1,"20":9,"21":0,"22":9,"23":1,"24":0,"25":1},"f":{"0":9,"1":6,"2":36,"3":18,"4":18,"5":9,"6":0},"b":{"0":[9,0],"1":[9,9],"2":[9,0],"3":[6,0],"4":[6,0],"5":[0,9]},"_coverageSchema":"1a1c01bbd47fc00a2c39e90264f33305004495a9","hash":"cf03a9e9c3ddd7f462e24a7baa3cad08beb8e708"}
,"C:\\Users\\Centizen_User\\Desktop\\folder\\test\\config\\config.js": {"path":"C:\\Users\\Centizen_User\\Desktop\\folder\\test\\config\\config.js","statementMap":{"0":{"start":{"line":1,"column":0},"end":{"line":1,"column":27}},"1":{"start":{"line":2,"column":0},"end":{"line":2,"column":10}},"2":{"start":{"line":3,"column":0},"end":{"line":3,"column":37}},"3":{"start":{"line":4,"column":0},"end":{"line":4,"column":35}},"4":{"start":{"line":5,"column":0},"end":{"line":5,"column":35}},"5":{"start":{"line":6,"column":0},"end":{"line":6,"column":35}},"6":{"start":{"line":7,"column":0},"end":{"line":7,"column":35}},"7":{"start":{"line":8,"column":0},"end":{"line":8,"column":43}},"8":{"start":{"line":9,"column":0},"end":{"line":9,"column":43}}},"fnMap":{},"branchMap":{},"s":{"0":1,"1":1,"2":1,"3":1,"4":1,"5":1,"6":1,"7":1,"8":1},"f":{},"b":{},"_coverageSchema":"1a1c01bbd47fc00a2c39e90264f33305004495a9","hash":"dce34c53e2a7d0ffd87dd8a0c82875e65275a928"}
,"C:\\Users\\Centizen_User\\Desktop\\folder\\test\\config\\constant.js": {"path":"C:\\Users\\Centizen_User\\Desktop\\folder\\test\\config\\constant.js","statementMap":{"0":{"start":{"line":1,"column":0},"end":{"line":1,"column":19}},"1":{"start":{"line":2,"column":0},"end":{"line":2,"column":12}},"2":{"start":{"line":3,"column":0},"end":{"line":5,"column":1}}},"fnMap":{},"branchMap":{},"s":{"0":1,"1":1,"2":1},"f":{},"b":{},"_coverageSchema":"1a1c01bbd47fc00a2c39e90264f33305004495a9","hash":"cad88039408b783bb9d2cf180723e22d25eae4f8"}
,"C:\\Users\\Centizen_User\\Desktop\\folder\\test\\controllers\\v1\\ship.controller.js": {"path":"C:\\Users\\Centizen_User\\Desktop\\folder\\test\\controllers\\v1\\ship.controller.js","statementMap":{"0":{"start":{"line":1,"column":19},"end":{"line":1,"column":54}},"1":{"start":{"line":2,"column":14},"end":{"line":2,"column":32}},"2":{"start":{"line":3,"column":13},"end":{"line":3,"column":29}},"3":{"start":{"line":4,"column":22},"end":{"line":4,"column":67}},"4":{"start":{"line":5,"column":24},"end":{"line":5,"column":82}},"5":{"start":{"line":6,"column":30},"end":{"line":6,"column":94}},"6":{"start":{"line":7,"column":16},"end":{"line":7,"column":61}},"7":{"start":{"line":19,"column":22},"end":{"line":24,"column":1}},"8":{"start":{"line":20,"column":17},"end":{"line":20,"column":47}},"9":{"start":{"line":21,"column":18},"end":{"line":21,"column":65}},"10":{"start":{"line":22,"column":4},"end":{"line":22,"column":34}},"11":{"start":{"line":22,"column":11},"end":{"line":22,"column":34}},"12":{"start":{"line":23,"column":4},"end":{"line":23,"column":36}},"13":{"start":{"line":23,"column":12},"end":{"line":23,"column":36}},"14":{"start":{"line":34,"column":28},"end":{"line":39,"column":1}},"15":{"start":{"line":35,"column":17},"end":{"line":35,"column":47}},"16":{"start":{"line":36,"column":18},"end":{"line":36,"column":71}},"17":{"start":{"line":37,"column":4},"end":{"line":37,"column":34}},"18":{"start":{"line":37,"column":11},"end":{"line":37,"column":34}},"19":{"start":{"line":38,"column":4},"end":{"line":38,"column":36}},"20":{"start":{"line":38,"column":12},"end":{"line":38,"column":36}},"21":{"start":{"line":49,"column":30},"end":{"line":54,"column":1}},"22":{"start":{"line":50,"column":17},"end":{"line":50,"column":47}},"23":{"start":{"line":51,"column":18},"end":{"line":51,"column":72}},"24":{"start":{"line":52,"column":4},"end":{"line":52,"column":34}},"25":{"start":{"line":52,"column":11},"end":{"line":52,"column":34}},"26":{"start":{"line":53,"column":4},"end":{"line":53,"column":36}},"27":{"start":{"line":53,"column":12},"end":{"line":53,"column":36}},"28":{"start":{"line":64,"column":27},"end":{"line":69,"column":1}},"29":{"start":{"line":65,"column":17},"end":{"line":65,"column":51}},"30":{"start":{"line":66,"column":18},"end":{"line":66,"column":69}},"31":{"start":{"line":67,"column":4},"end":{"line":67,"column":34}},"32":{"start":{"line":67,"column":11},"end":{"line":67,"column":34}},"33":{"start":{"line":68,"column":4},"end":{"line":68,"column":36}},"34":{"start":{"line":68,"column":12},"end":{"line":68,"column":36}},"35":{"start":{"line":79,"column":30},"end":{"line":84,"column":1}},"36":{"start":{"line":80,"column":17},"end":{"line":80,"column":47}},"37":{"start":{"line":81,"column":18},"end":{"line":81,"column":73}},"38":{"start":{"line":82,"column":4},"end":{"line":82,"column":34}},"39":{"start":{"line":82,"column":11},"end":{"line":82,"column":34}},"40":{"start":{"line":83,"column":4},"end":{"line":83,"column":36}},"41":{"start":{"line":83,"column":12},"end":{"line":83,"column":36}},"42":{"start":{"line":95,"column":22},"end":{"line":100,"column":1}},"43":{"start":{"line":96,"column":17},"end":{"line":96,"column":47}},"44":{"start":{"line":97,"column":18},"end":{"line":97,"column":65}},"45":{"start":{"line":98,"column":4},"end":{"line":98,"column":34}},"46":{"start":{"line":98,"column":11},"end":{"line":98,"column":34}},"47":{"start":{"line":99,"column":4},"end":{"line":99,"column":36}},"48":{"start":{"line":99,"column":12},"end":{"line":99,"column":36}},"49":{"start":{"line":110,"column":19},"end":{"line":115,"column":1}},"50":{"start":{"line":111,"column":17},"end":{"line":111,"column":47}},"51":{"start":{"line":112,"column":18},"end":{"line":112,"column":62}},"52":{"start":{"line":113,"column":4},"end":{"line":113,"column":34}},"53":{"start":{"line":113,"column":11},"end":{"line":113,"column":34}},"54":{"start":{"line":114,"column":4},"end":{"line":114,"column":36}},"55":{"start":{"line":114,"column":12},"end":{"line":114,"column":36}},"56":{"start":{"line":125,"column":0},"end":{"line":125,"column":92}},"57":{"start":{"line":126,"column":0},"end":{"line":126,"column":116}},"58":{"start":{"line":128,"column":0},"end":{"line":128,"column":56}},"59":{"start":{"line":129,"column":0},"end":{"line":129,"column":56}},"60":{"start":{"line":130,"column":0},"end":{"line":130,"column":52}},"61":{"start":{"line":131,"column":0},"end":{"line":131,"column":45}},"62":{"start":{"line":132,"column":0},"end":{"line":132,"column":36}},"63":{"start":{"line":133,"column":0},"end":{"line":133,"column":153}}},"fnMap":{"0":{"name":"(anonymous_0)","decl":{"start":{"line":19,"column":22},"end":{"line":19,"column":23}},"loc":{"start":{"line":19,"column":45},"end":{"line":24,"column":1}},"line":19},"1":{"name":"(anonymous_1)","decl":{"start":{"line":34,"column":28},"end":{"line":34,"column":29}},"loc":{"start":{"line":34,"column":51},"end":{"line":39,"column":1}},"line":34},"2":{"name":"(anonymous_2)","decl":{"start":{"line":49,"column":30},"end":{"line":49,"column":31}},"loc":{"start":{"line":49,"column":53},"end":{"line":54,"column":1}},"line":49},"3":{"name":"(anonymous_3)","decl":{"start":{"line":64,"column":27},"end":{"line":64,"column":28}},"loc":{"start":{"line":64,"column":50},"end":{"line":69,"column":1}},"line":64},"4":{"name":"(anonymous_4)","decl":{"start":{"line":79,"column":30},"end":{"line":79,"column":31}},"loc":{"start":{"line":79,"column":53},"end":{"line":84,"column":1}},"line":79},"5":{"name":"(anonymous_5)","decl":{"start":{"line":95,"column":22},"end":{"line":95,"column":23}},"loc":{"start":{"line":95,"column":45},"end":{"line":100,"column":1}},"line":95},"6":{"name":"(anonymous_6)","decl":{"start":{"line":110,"column":19},"end":{"line":110,"column":20}},"loc":{"start":{"line":110,"column":42},"end":{"line":115,"column":1}},"line":110}},"branchMap":{"0":{"loc":{"start":{"line":20,"column":17},"end":{"line":20,"column":47}},"type":"cond-expr","locations":[{"start":{"line":20,"column":34},"end":{"line":20,"column":42}},{"start":{"line":20,"column":43},"end":{"line":20,"column":47}}],"line":20},"1":{"loc":{"start":{"line":20,"column":17},"end":{"line":20,"column":32}},"type":"binary-expr","locations":[{"start":{"line":20,"column":17},"end":{"line":20,"column":20}},{"start":{"line":20,"column":24},"end":{"line":20,"column":32}}],"line":20},"2":{"loc":{"start":{"line":22,"column":4},"end":{"line":22,"column":34}},"type":"if","locations":[{"start":{"line":22,"column":4},"end":{"line":22,"column":34}},{"start":{},"end":{}}],"line":22},"3":{"loc":{"start":{"line":23,"column":4},"end":{"line":23,"column":36}},"type":"if","locations":[{"start":{"line":23,"column":4},"end":{"line":23,"column":36}},{"start":{},"end":{}}],"line":23},"4":{"loc":{"start":{"line":35,"column":17},"end":{"line":35,"column":47}},"type":"cond-expr","locations":[{"start":{"line":35,"column":34},"end":{"line":35,"column":42}},{"start":{"line":35,"column":43},"end":{"line":35,"column":47}}],"line":35},"5":{"loc":{"start":{"line":35,"column":17},"end":{"line":35,"column":32}},"type":"binary-expr","locations":[{"start":{"line":35,"column":17},"end":{"line":35,"column":20}},{"start":{"line":35,"column":24},"end":{"line":35,"column":32}}],"line":35},"6":{"loc":{"start":{"line":37,"column":4},"end":{"line":37,"column":34}},"type":"if","locations":[{"start":{"line":37,"column":4},"end":{"line":37,"column":34}},{"start":{},"end":{}}],"line":37},"7":{"loc":{"start":{"line":38,"column":4},"end":{"line":38,"column":36}},"type":"if","locations":[{"start":{"line":38,"column":4},"end":{"line":38,"column":36}},{"start":{},"end":{}}],"line":38},"8":{"loc":{"start":{"line":50,"column":17},"end":{"line":50,"column":47}},"type":"cond-expr","locations":[{"start":{"line":50,"column":34},"end":{"line":50,"column":42}},{"start":{"line":50,"column":43},"end":{"line":50,"column":47}}],"line":50},"9":{"loc":{"start":{"line":50,"column":17},"end":{"line":50,"column":32}},"type":"binary-expr","locations":[{"start":{"line":50,"column":17},"end":{"line":50,"column":20}},{"start":{"line":50,"column":24},"end":{"line":50,"column":32}}],"line":50},"10":{"loc":{"start":{"line":52,"column":4},"end":{"line":52,"column":34}},"type":"if","locations":[{"start":{"line":52,"column":4},"end":{"line":52,"column":34}},{"start":{},"end":{}}],"line":52},"11":{"loc":{"start":{"line":53,"column":4},"end":{"line":53,"column":36}},"type":"if","locations":[{"start":{"line":53,"column":4},"end":{"line":53,"column":36}},{"start":{},"end":{}}],"line":53},"12":{"loc":{"start":{"line":65,"column":17},"end":{"line":65,"column":51}},"type":"cond-expr","locations":[{"start":{"line":65,"column":36},"end":{"line":65,"column":46}},{"start":{"line":65,"column":47},"end":{"line":65,"column":51}}],"line":65},"13":{"loc":{"start":{"line":65,"column":17},"end":{"line":65,"column":34}},"type":"binary-expr","locations":[{"start":{"line":65,"column":17},"end":{"line":65,"column":20}},{"start":{"line":65,"column":24},"end":{"line":65,"column":34}}],"line":65},"14":{"loc":{"start":{"line":67,"column":4},"end":{"line":67,"column":34}},"type":"if","locations":[{"start":{"line":67,"column":4},"end":{"line":67,"column":34}},{"start":{},"end":{}}],"line":67},"15":{"loc":{"start":{"line":68,"column":4},"end":{"line":68,"column":36}},"type":"if","locations":[{"start":{"line":68,"column":4},"end":{"line":68,"column":36}},{"start":{},"end":{}}],"line":68},"16":{"loc":{"start":{"line":80,"column":17},"end":{"line":80,"column":47}},"type":"cond-expr","locations":[{"start":{"line":80,"column":34},"end":{"line":80,"column":42}},{"start":{"line":80,"column":43},"end":{"line":80,"column":47}}],"line":80},"17":{"loc":{"start":{"line":80,"column":17},"end":{"line":80,"column":32}},"type":"binary-expr","locations":[{"start":{"line":80,"column":17},"end":{"line":80,"column":20}},{"start":{"line":80,"column":24},"end":{"line":80,"column":32}}],"line":80},"18":{"loc":{"start":{"line":82,"column":4},"end":{"line":82,"column":34}},"type":"if","locations":[{"start":{"line":82,"column":4},"end":{"line":82,"column":34}},{"start":{},"end":{}}],"line":82},"19":{"loc":{"start":{"line":83,"column":4},"end":{"line":83,"column":36}},"type":"if","locations":[{"start":{"line":83,"column":4},"end":{"line":83,"column":36}},{"start":{},"end":{}}],"line":83},"20":{"loc":{"start":{"line":96,"column":17},"end":{"line":96,"column":47}},"type":"cond-expr","locations":[{"start":{"line":96,"column":34},"end":{"line":96,"column":42}},{"start":{"line":96,"column":43},"end":{"line":96,"column":47}}],"line":96},"21":{"loc":{"start":{"line":96,"column":17},"end":{"line":96,"column":32}},"type":"binary-expr","locations":[{"start":{"line":96,"column":17},"end":{"line":96,"column":20}},{"start":{"line":96,"column":24},"end":{"line":96,"column":32}}],"line":96},"22":{"loc":{"start":{"line":98,"column":4},"end":{"line":98,"column":34}},"type":"if","locations":[{"start":{"line":98,"column":4},"end":{"line":98,"column":34}},{"start":{},"end":{}}],"line":98},"23":{"loc":{"start":{"line":99,"column":4},"end":{"line":99,"column":36}},"type":"if","locations":[{"start":{"line":99,"column":4},"end":{"line":99,"column":36}},{"start":{},"end":{}}],"line":99},"24":{"loc":{"start":{"line":111,"column":17},"end":{"line":111,"column":47}},"type":"cond-expr","locations":[{"start":{"line":111,"column":34},"end":{"line":111,"column":42}},{"start":{"line":111,"column":43},"end":{"line":111,"column":47}}],"line":111},"25":{"loc":{"start":{"line":111,"column":17},"end":{"line":111,"column":32}},"type":"binary-expr","locations":[{"start":{"line":111,"column":17},"end":{"line":111,"column":20}},{"start":{"line":111,"column":24},"end":{"line":111,"column":32}}],"line":111},"26":{"loc":{"start":{"line":113,"column":4},"end":{"line":113,"column":34}},"type":"if","locations":[{"start":{"line":113,"column":4},"end":{"line":113,"column":34}},{"start":{},"end":{}}],"line":113},"27":{"loc":{"start":{"line":114,"column":4},"end":{"line":114,"column":36}},"type":"if","locations":[{"start":{"line":114,"column":4},"end":{"line":114,"column":36}},{"start":{},"end":{}}],"line":114}},"s":{"0":1,"1":1,"2":1,"3":1,"4":1,"5":1,"6":1,"7":1,"8":2,"9":2,"10":2,"11":1,"12":1,"13":1,"14":1,"15":2,"16":2,"17":2,"18":1,"19":1,"20":1,"21":1,"22":3,"23":3,"24":3,"25":2,"26":1,"27":1,"28":1,"29":2,"30":2,"31":2,"32":1,"33":1,"34":1,"35":1,"36":3,"37":3,"38":3,"39":2,"40":1,"41":1,"42":1,"43":2,"44":2,"45":2,"46":1,"47":1,"48":1,"49":1,"50":2,"51":2,"52":2,"53":1,"54":1,"55":0,"56":1,"57":1,"58":1,"59":1,"60":1,"61":1,"62":1,"63":1},"f":{"0":2,"1":2,"2":3,"3":2,"4":3,"5":2,"6":2},"b":{"0":[2,0],"1":[2,2],"2":[1,1],"3":[1,0],"4":[2,0],"5":[2,2],"6":[1,1],"7":[1,0],"8":[3,0],"9":[3,3],"10":[2,1],"11":[1,0],"12":[2,0],"13":[2,2],"14":[1,1],"15":[1,0],"16":[3,0],"17":[3,3],"18":[2,1],"19":[1,0],"20":[2,0],"21":[2,2],"22":[1,1],"23":[1,0],"24":[2,0],"25":[2,2],"26":[1,1],"27":[0,1]},"_coverageSchema":"1a1c01bbd47fc00a2c39e90264f33305004495a9","hash":"f2ba991865eb5f006aeae532be51ef45edcb3b4a"}
,"C:\\Users\\Centizen_User\\Desktop\\folder\\test\\middleware\\validate-schema.js": {"path":"C:\\Users\\Centizen_User\\Desktop\\folder\\test\\middleware\\validate-schema.js","statementMap":{"0":{"start":{"line":1,"column":29},"end":{"line":1,"column":57}},"1":{"start":{"line":3,"column":17},"end":{"line":16,"column":1}},"2":{"start":{"line":4,"column":19},"end":{"line":4,"column":40}},"3":{"start":{"line":6,"column":4},"end":{"line":10,"column":5}},"4":{"start":{"line":7,"column":8},"end":{"line":9,"column":11}},"5":{"start":{"line":15,"column":4},"end":{"line":15,"column":11}},"6":{"start":{"line":17,"column":0},"end":{"line":17,"column":30}}},"fnMap":{"0":{"name":"(anonymous_0)","decl":{"start":{"line":3,"column":17},"end":{"line":3,"column":18}},"loc":{"start":{"line":3,"column":37},"end":{"line":16,"column":1}},"line":3}},"branchMap":{"0":{"loc":{"start":{"line":6,"column":4},"end":{"line":10,"column":5}},"type":"if","locations":[{"start":{"line":6,"column":4},"end":{"line":10,"column":5}},{"start":{},"end":{}}],"line":6}},"s":{"0":1,"1":1,"2":0,"3":0,"4":0,"5":0,"6":1},"f":{"0":0},"b":{"0":[0,0]},"_coverageSchema":"1a1c01bbd47fc00a2c39e90264f33305004495a9","hash":"281f0356823e830f98b782e2685afdf9845feea4"}
,"C:\\Users\\Centizen_User\\Desktop\\folder\\test\\models\\index.js": {"path":"C:\\Users\\Centizen_User\\Desktop\\folder\\test\\models\\index.js","statementMap":{"0":{"start":{"line":2,"column":7},"end":{"line":2,"column":20}},"1":{"start":{"line":3,"column":10},"end":{"line":3,"column":25}},"2":{"start":{"line":5,"column":14},"end":{"line":5,"column":34}},"3":{"start":{"line":6,"column":13},"end":{"line":6,"column":38}},"4":{"start":{"line":7,"column":7},"end":{"line":7,"column":9}},"5":{"start":{"line":8,"column":0},"end":{"line":8,"column":28}},"6":{"start":{"line":9,"column":0},"end":{"line":9,"column":30}},"7":{"start":{"line":11,"column":16},"end":{"line":11,"column":34}},"8":{"start":{"line":12,"column":0},"end":{"line":111,"column":1}},"9":{"start":{"line":13,"column":2},"end":{"line":34,"column":5}},"10":{"start":{"line":14,"column":4},"end":{"line":33,"column":9}},"11":{"start":{"line":16,"column":8},"end":{"line":20,"column":10}},"12":{"start":{"line":23,"column":8},"end":{"line":32,"column":10}},"13":{"start":{"line":35,"column":2},"end":{"line":40,"column":3}},"14":{"start":{"line":36,"column":49},"end":{"line":36,"column":245}},"15":{"start":{"line":36,"column":90},"end":{"line":36,"column":159}},"16":{"start":{"line":36,"column":135},"end":{"line":36,"column":157}},"17":{"start":{"line":36,"column":209},"end":{"line":36,"column":240}},"18":{"start":{"line":42,"column":18},"end":{"line":61,"column":3}},"19":{"start":{"line":62,"column":23},"end":{"line":77,"column":3}},"20":{"start":{"line":63,"column":17},"end":{"line":63,"column":19}},"21":{"start":{"line":64,"column":18},"end":{"line":75,"column":5}},"22":{"start":{"line":66,"column":8},"end":{"line":70,"column":11}},"23":{"start":{"line":67,"column":10},"end":{"line":69,"column":11}},"24":{"start":{"line":68,"column":12},"end":{"line":68,"column":60}},"25":{"start":{"line":73,"column":8},"end":{"line":73,"column":35}},"26":{"start":{"line":76,"column":4},"end":{"line":76,"column":19}},"27":{"start":{"line":79,"column":2},"end":{"line":100,"column":5}},"28":{"start":{"line":80,"column":4},"end":{"line":99,"column":9}},"29":{"start":{"line":82,"column":8},"end":{"line":86,"column":10}},"30":{"start":{"line":91,"column":20},"end":{"line":94,"column":9}},"31":{"start":{"line":95,"column":8},"end":{"line":95,"column":38}},"32":{"start":{"line":102,"column":2},"end":{"line":107,"column":5}},"33":{"start":{"line":104,"column":4},"end":{"line":106,"column":5}},"34":{"start":{"line":105,"column":6},"end":{"line":105,"column":36}},"35":{"start":{"line":108,"column":2},"end":{"line":108,"column":35}},"36":{"start":{"line":109,"column":2},"end":{"line":109,"column":27}},"37":{"start":{"line":110,"column":2},"end":{"line":110,"column":27}},"38":{"start":{"line":114,"column":0},"end":{"line":114,"column":20}}},"fnMap":{"0":{"name":"(anonymous_0)","decl":{"start":{"line":13,"column":27},"end":{"line":13,"column":28}},"loc":{"start":{"line":13,"column":37},"end":{"line":34,"column":3}},"line":13},"1":{"name":"(anonymous_1)","decl":{"start":{"line":15,"column":14},"end":{"line":15,"column":15}},"loc":{"start":{"line":15,"column":24},"end":{"line":21,"column":7}},"line":15},"2":{"name":"(anonymous_2)","decl":{"start":{"line":22,"column":15},"end":{"line":22,"column":16}},"loc":{"start":{"line":22,"column":25},"end":{"line":33,"column":7}},"line":22},"3":{"name":"(anonymous_3)","decl":{"start":{"line":24,"column":19},"end":{"line":24,"column":20}},"loc":{"start":{"line":24,"column":25},"end":{"line":24,"column":28}},"line":24},"4":{"name":"(anonymous_4)","decl":{"start":{"line":25,"column":16},"end":{"line":25,"column":17}},"loc":{"start":{"line":25,"column":22},"end":{"line":25,"column":25}},"line":25},"5":{"name":"(anonymous_5)","decl":{"start":{"line":26,"column":18},"end":{"line":26,"column":19}},"loc":{"start":{"line":26,"column":24},"end":{"line":26,"column":27}},"line":26},"6":{"name":"(anonymous_6)","decl":{"start":{"line":27,"column":18},"end":{"line":27,"column":19}},"loc":{"start":{"line":27,"column":24},"end":{"line":27,"column":27}},"line":27},"7":{"name":"(anonymous_7)","decl":{"start":{"line":28,"column":18},"end":{"line":28,"column":19}},"loc":{"start":{"line":28,"column":24},"end":{"line":28,"column":27}},"line":28},"8":{"name":"(anonymous_8)","decl":{"start":{"line":29,"column":27},"end":{"line":29,"column":28}},"loc":{"start":{"line":29,"column":33},"end":{"line":29,"column":36}},"line":29},"9":{"name":"(anonymous_9)","decl":{"start":{"line":30,"column":17},"end":{"line":30,"column":18}},"loc":{"start":{"line":30,"column":23},"end":{"line":30,"column":26}},"line":30},"10":{"name":"(anonymous_10)","decl":{"start":{"line":31,"column":19},"end":{"line":31,"column":20}},"loc":{"start":{"line":31,"column":25},"end":{"line":31,"column":28}},"line":31},"11":{"name":"(anonymous_11)","decl":{"start":{"line":36,"column":17},"end":{"line":36,"column":18}},"loc":{"start":{"line":36,"column":27},"end":{"line":36,"column":247}},"line":36},"12":{"name":"(anonymous_12)","decl":{"start":{"line":36,"column":82},"end":{"line":36,"column":83}},"loc":{"start":{"line":36,"column":88},"end":{"line":36,"column":161}},"line":36},"13":{"name":"(anonymous_13)","decl":{"start":{"line":36,"column":173},"end":{"line":36,"column":174}},"loc":{"start":{"line":36,"column":179},"end":{"line":36,"column":182}},"line":36},"14":{"name":"(anonymous_14)","decl":{"start":{"line":36,"column":197},"end":{"line":36,"column":198}},"loc":{"start":{"line":36,"column":207},"end":{"line":36,"column":242}},"line":36},"15":{"name":"(anonymous_15)","decl":{"start":{"line":62,"column":23},"end":{"line":62,"column":24}},"loc":{"start":{"line":62,"column":41},"end":{"line":77,"column":3}},"line":62},"16":{"name":"(anonymous_16)","decl":{"start":{"line":65,"column":6},"end":{"line":65,"column":7}},"loc":{"start":{"line":65,"column":13},"end":{"line":71,"column":7}},"line":65},"17":{"name":"(anonymous_17)","decl":{"start":{"line":66,"column":33},"end":{"line":66,"column":34}},"loc":{"start":{"line":66,"column":43},"end":{"line":70,"column":9}},"line":66},"18":{"name":"(anonymous_18)","decl":{"start":{"line":68,"column":46},"end":{"line":68,"column":47}},"loc":{"start":{"line":68,"column":55},"end":{"line":68,"column":58}},"line":68},"19":{"name":"(anonymous_19)","decl":{"start":{"line":72,"column":6},"end":{"line":72,"column":7}},"loc":{"start":{"line":72,"column":15},"end":{"line":74,"column":7}},"line":72},"20":{"name":"(anonymous_20)","decl":{"start":{"line":79,"column":27},"end":{"line":79,"column":28}},"loc":{"start":{"line":79,"column":37},"end":{"line":100,"column":3}},"line":79},"21":{"name":"(anonymous_21)","decl":{"start":{"line":81,"column":14},"end":{"line":81,"column":15}},"loc":{"start":{"line":81,"column":24},"end":{"line":87,"column":7}},"line":81},"22":{"name":"(anonymous_22)","decl":{"start":{"line":88,"column":15},"end":{"line":88,"column":16}},"loc":{"start":{"line":88,"column":25},"end":{"line":99,"column":7}},"line":88},"23":{"name":"(anonymous_23)","decl":{"start":{"line":102,"column":26},"end":{"line":102,"column":27}},"loc":{"start":{"line":102,"column":41},"end":{"line":107,"column":3}},"line":102}},"branchMap":{"0":{"loc":{"start":{"line":12,"column":0},"end":{"line":111,"column":1}},"type":"if","locations":[{"start":{"line":12,"column":0},"end":{"line":111,"column":1}},{"start":{"line":41,"column":5},"end":{"line":111,"column":1}}],"line":12},"1":{"loc":{"start":{"line":12,"column":4},"end":{"line":12,"column":54}},"type":"binary-expr","locations":[{"start":{"line":12,"column":4},"end":{"line":12,"column":15}},{"start":{"line":12,"column":19},"end":{"line":12,"column":54}}],"line":12},"2":{"loc":{"start":{"line":17,"column":10},"end":{"line":19,"column":34}},"type":"binary-expr","locations":[{"start":{"line":17,"column":10},"end":{"line":17,"column":33}},{"start":{"line":18,"column":10},"end":{"line":18,"column":27}},{"start":{"line":19,"column":10},"end":{"line":19,"column":34}}],"line":17},"3":{"loc":{"start":{"line":36,"column":90},"end":{"line":36,"column":159}},"type":"if","locations":[{"start":{"line":36,"column":90},"end":{"line":36,"column":159}},{"start":{},"end":{}}],"line":36},"4":{"loc":{"start":{"line":36,"column":94},"end":{"line":36,"column":131}},"type":"binary-expr","locations":[{"start":{"line":36,"column":94},"end":{"line":36,"column":108}},{"start":{"line":36,"column":112},"end":{"line":36,"column":131}}],"line":36},"5":{"loc":{"start":{"line":67,"column":10},"end":{"line":69,"column":11}},"type":"if","locations":[{"start":{"line":67,"column":10},"end":{"line":69,"column":11}},{"start":{},"end":{}}],"line":67},"6":{"loc":{"start":{"line":83,"column":10},"end":{"line":85,"column":34}},"type":"binary-expr","locations":[{"start":{"line":83,"column":10},"end":{"line":83,"column":33}},{"start":{"line":84,"column":10},"end":{"line":84,"column":27}},{"start":{"line":85,"column":10},"end":{"line":85,"column":34}}],"line":83},"7":{"loc":{"start":{"line":104,"column":4},"end":{"line":106,"column":5}},"type":"if","locations":[{"start":{"line":104,"column":4},"end":{"line":106,"column":5}},{"start":{},"end":{}}],"line":104}},"s":{"0":1,"1":1,"2":1,"3":1,"4":1,"5":1,"6":1,"7":1,"8":1,"9":1,"10":1,"11":2,"12":2,"13":1,"14":0,"15":0,"16":0,"17":0,"18":0,"19":0,"20":0,"21":0,"22":0,"23":0,"24":0,"25":0,"26":0,"27":0,"28":0,"29":0,"30":0,"31":0,"32":0,"33":0,"34":0,"35":0,"36":0,"37":0,"38":1},"f":{"0":1,"1":2,"2":2,"3":0,"4":0,"5":0,"6":0,"7":0,"8":0,"9":0,"10":0,"11":0,"12":0,"13":0,"14":0,"15":0,"16":0,"17":0,"18":0,"19":0,"20":0,"21":0,"22":0,"23":0},"b":{"0":[1,0],"1":[1,1],"2":[2,2,2],"3":[0,0],"4":[0,0],"5":[0,0],"6":[0,0,0],"7":[0,0]},"_coverageSchema":"1a1c01bbd47fc00a2c39e90264f33305004495a9","hash":"0b94cdffee4f8fce183c137c1b5add75d756447d"}
,"C:\\Users\\Centizen_User\\Desktop\\folder\\test\\routes\\ship.validater.js": {"path":"C:\\Users\\Centizen_User\\Desktop\\folder\\test\\routes\\ship.validater.js","statementMap":{"0":{"start":{"line":1,"column":31},"end":{"line":1,"column":59}},"1":{"start":{"line":2,"column":25},"end":{"line":11,"column":6}},"2":{"start":{"line":12,"column":0},"end":{"line":12,"column":51}},"3":{"start":{"line":14,"column":31},"end":{"line":19,"column":6}},"4":{"start":{"line":20,"column":0},"end":{"line":20,"column":63}}},"fnMap":{},"branchMap":{},"s":{"0":1,"1":1,"2":1,"3":1,"4":1},"f":{},"b":{},"_coverageSchema":"1a1c01bbd47fc00a2c39e90264f33305004495a9","hash":"54a1a28952b30acf4ec338503815837db4e35617"}
,"C:\\Users\\Centizen_User\\Desktop\\folder\\test\\services\\ship\\ship.service.js": {"path":"C:\\Users\\Centizen_User\\Desktop\\folder\\test\\services\\ship\\ship.service.js","statementMap":{"0":{"start":{"line":1,"column":15},"end":{"line":1,"column":49}},"1":{"start":{"line":2,"column":21},"end":{"line":2,"column":61}},"2":{"start":{"line":3,"column":18},"end":{"line":3,"column":38}},"3":{"start":{"line":4,"column":14},"end":{"line":4,"column":49}},"4":{"start":{"line":5,"column":17},"end":{"line":5,"column":45}},"5":{"start":{"line":6,"column":15},"end":{"line":6,"column":35}},"6":{"start":{"line":17,"column":18},"end":{"line":21,"column":1}},"7":{"start":{"line":18,"column":18},"end":{"line":18,"column":53}},"8":{"start":{"line":19,"column":4},"end":{"line":19,"column":34}},"9":{"start":{"line":19,"column":11},"end":{"line":19,"column":34}},"10":{"start":{"line":20,"column":4},"end":{"line":20,"column":25}},"11":{"start":{"line":20,"column":12},"end":{"line":20,"column":25}},"12":{"start":{"line":22,"column":0},"end":{"line":22,"column":39}},"13":{"start":{"line":33,"column":24},"end":{"line":37,"column":1}},"14":{"start":{"line":34,"column":18},"end":{"line":34,"column":59}},"15":{"start":{"line":35,"column":4},"end":{"line":35,"column":34}},"16":{"start":{"line":35,"column":11},"end":{"line":35,"column":34}},"17":{"start":{"line":36,"column":4},"end":{"line":36,"column":25}},"18":{"start":{"line":36,"column":12},"end":{"line":36,"column":25}},"19":{"start":{"line":38,"column":0},"end":{"line":38,"column":51}},"20":{"start":{"line":51,"column":26},"end":{"line":81,"column":1}},"21":{"start":{"line":52,"column":27},"end":{"line":69,"column":7}},"22":{"start":{"line":70,"column":4},"end":{"line":70,"column":35}},"23":{"start":{"line":70,"column":12},"end":{"line":70,"column":35}},"24":{"start":{"line":71,"column":4},"end":{"line":80,"column":5}},"25":{"start":{"line":72,"column":31},"end":{"line":77,"column":11}},"26":{"start":{"line":78,"column":8},"end":{"line":78,"column":41}},"27":{"start":{"line":78,"column":17},"end":{"line":78,"column":41}},"28":{"start":{"line":79,"column":8},"end":{"line":79,"column":58}},"29":{"start":{"line":79,"column":25},"end":{"line":79,"column":58}},"30":{"start":{"line":82,"column":0},"end":{"line":82,"column":53}},"31":{"start":{"line":94,"column":22},"end":{"line":108,"column":1}},"32":{"start":{"line":95,"column":4},"end":{"line":95,"column":40}},"33":{"start":{"line":96,"column":18},"end":{"line":105,"column":6}},"34":{"start":{"line":106,"column":4},"end":{"line":106,"column":35}},"35":{"start":{"line":106,"column":12},"end":{"line":106,"column":35}},"36":{"start":{"line":107,"column":4},"end":{"line":107,"column":26}},"37":{"start":{"line":107,"column":13},"end":{"line":107,"column":26}},"38":{"start":{"line":109,"column":0},"end":{"line":109,"column":47}},"39":{"start":{"line":121,"column":26},"end":{"line":138,"column":1}},"40":{"start":{"line":122,"column":26},"end":{"line":127,"column":9}},"41":{"start":{"line":128,"column":4},"end":{"line":128,"column":35}},"42":{"start":{"line":128,"column":12},"end":{"line":128,"column":35}},"43":{"start":{"line":129,"column":4},"end":{"line":137,"column":5}},"44":{"start":{"line":130,"column":27},"end":{"line":134,"column":12}},"45":{"start":{"line":135,"column":7},"end":{"line":135,"column":39}},"46":{"start":{"line":135,"column":15},"end":{"line":135,"column":39}},"47":{"start":{"line":136,"column":7},"end":{"line":136,"column":57}},"48":{"start":{"line":136,"column":23},"end":{"line":136,"column":57}},"49":{"start":{"line":140,"column":0},"end":{"line":140,"column":55}},"50":{"start":{"line":151,"column":18},"end":{"line":159,"column":1}},"51":{"start":{"line":152,"column":18},"end":{"line":156,"column":6}},"52":{"start":{"line":157,"column":4},"end":{"line":157,"column":34}},"53":{"start":{"line":157,"column":11},"end":{"line":157,"column":34}},"54":{"start":{"line":158,"column":4},"end":{"line":158,"column":25}},"55":{"start":{"line":158,"column":12},"end":{"line":158,"column":25}},"56":{"start":{"line":160,"column":0},"end":{"line":160,"column":39}},"57":{"start":{"line":297,"column":14},"end":{"line":360,"column":1}},"58":{"start":{"line":298,"column":17},"end":{"line":298,"column":18}},"59":{"start":{"line":298,"column":27},"end":{"line":298,"column":29}},"60":{"start":{"line":298,"column":43},"end":{"line":298,"column":44}},"61":{"start":{"line":299,"column":26},"end":{"line":309,"column":6}},"62":{"start":{"line":310,"column":4},"end":{"line":310,"column":35}},"63":{"start":{"line":310,"column":12},"end":{"line":310,"column":35}},"64":{"start":{"line":312,"column":4},"end":{"line":312,"column":30}},"65":{"start":{"line":313,"column":4},"end":{"line":359,"column":5}},"66":{"start":{"line":314,"column":6},"end":{"line":317,"column":7}},"67":{"start":{"line":315,"column":8},"end":{"line":315,"column":33}},"68":{"start":{"line":316,"column":8},"end":{"line":316,"column":48}},"69":{"start":{"line":318,"column":6},"end":{"line":324,"column":7}},"70":{"start":{"line":320,"column":8},"end":{"line":320,"column":45}},"71":{"start":{"line":323,"column":8},"end":{"line":323,"column":37}},"72":{"start":{"line":326,"column":6},"end":{"line":340,"column":5}},"73":{"start":{"line":327,"column":8},"end":{"line":327,"column":81}},"74":{"start":{"line":328,"column":19},"end":{"line":328,"column":47}},"75":{"start":{"line":330,"column":8},"end":{"line":330,"column":37}},"76":{"start":{"line":332,"column":8},"end":{"line":339,"column":11}},"77":{"start":{"line":333,"column":12},"end":{"line":338,"column":13}},"78":{"start":{"line":334,"column":12},"end":{"line":334,"column":57}},"79":{"start":{"line":335,"column":12},"end":{"line":335,"column":39}},"80":{"start":{"line":337,"column":12},"end":{"line":337,"column":40}},"81":{"start":{"line":341,"column":4},"end":{"line":341,"column":24}},"82":{"start":{"line":343,"column":10},"end":{"line":346,"column":9}},"83":{"start":{"line":344,"column":28},"end":{"line":344,"column":34}},"84":{"start":{"line":345,"column":12},"end":{"line":345,"column":39}},"85":{"start":{"line":347,"column":8},"end":{"line":357,"column":9}},"86":{"start":{"line":350,"column":27},"end":{"line":350,"column":29}},"87":{"start":{"line":351,"column":12},"end":{"line":355,"column":13}},"88":{"start":{"line":351,"column":22},"end":{"line":351,"column":23}},"89":{"start":{"line":352,"column":33},"end":{"line":352,"column":61}},"90":{"start":{"line":353,"column":16},"end":{"line":353,"column":45}},"91":{"start":{"line":354,"column":16},"end":{"line":354,"column":55}},"92":{"start":{"line":356,"column":12},"end":{"line":356,"column":49}},"93":{"start":{"line":364,"column":0},"end":{"line":364,"column":31}},"94":{"start":{"line":367,"column":15},"end":{"line":428,"column":1}},"95":{"start":{"line":368,"column":17},"end":{"line":368,"column":18}},"96":{"start":{"line":368,"column":27},"end":{"line":368,"column":29}},"97":{"start":{"line":368,"column":43},"end":{"line":368,"column":44}},"98":{"start":{"line":369,"column":26},"end":{"line":379,"column":6}},"99":{"start":{"line":380,"column":4},"end":{"line":380,"column":35}},"100":{"start":{"line":380,"column":12},"end":{"line":380,"column":35}},"101":{"start":{"line":383,"column":4},"end":{"line":427,"column":5}},"102":{"start":{"line":384,"column":6},"end":{"line":387,"column":7}},"103":{"start":{"line":385,"column":8},"end":{"line":385,"column":33}},"104":{"start":{"line":388,"column":6},"end":{"line":393,"column":7}},"105":{"start":{"line":390,"column":8},"end":{"line":390,"column":45}},"106":{"start":{"line":395,"column":6},"end":{"line":409,"column":5}},"107":{"start":{"line":396,"column":8},"end":{"line":396,"column":81}},"108":{"start":{"line":397,"column":19},"end":{"line":397,"column":47}},"109":{"start":{"line":401,"column":8},"end":{"line":408,"column":11}},"110":{"start":{"line":402,"column":12},"end":{"line":407,"column":13}},"111":{"start":{"line":403,"column":12},"end":{"line":403,"column":57}},"112":{"start":{"line":404,"column":12},"end":{"line":404,"column":39}},"113":{"start":{"line":406,"column":12},"end":{"line":406,"column":40}},"114":{"start":{"line":410,"column":4},"end":{"line":410,"column":24}},"115":{"start":{"line":412,"column":10},"end":{"line":415,"column":9}},"116":{"start":{"line":413,"column":28},"end":{"line":413,"column":34}},"117":{"start":{"line":414,"column":12},"end":{"line":414,"column":39}},"118":{"start":{"line":416,"column":8},"end":{"line":425,"column":9}},"119":{"start":{"line":418,"column":27},"end":{"line":418,"column":29}},"120":{"start":{"line":419,"column":12},"end":{"line":423,"column":13}},"121":{"start":{"line":419,"column":22},"end":{"line":419,"column":23}},"122":{"start":{"line":420,"column":33},"end":{"line":420,"column":61}},"123":{"start":{"line":421,"column":16},"end":{"line":421,"column":45}},"124":{"start":{"line":422,"column":16},"end":{"line":422,"column":55}},"125":{"start":{"line":424,"column":12},"end":{"line":424,"column":49}},"126":{"start":{"line":430,"column":0},"end":{"line":430,"column":33}}},"fnMap":{"0":{"name":"(anonymous_0)","decl":{"start":{"line":17,"column":18},"end":{"line":17,"column":19}},"loc":{"start":{"line":17,"column":42},"end":{"line":21,"column":1}},"line":17},"1":{"name":"(anonymous_1)","decl":{"start":{"line":33,"column":24},"end":{"line":33,"column":25}},"loc":{"start":{"line":33,"column":48},"end":{"line":37,"column":1}},"line":33},"2":{"name":"(anonymous_2)","decl":{"start":{"line":51,"column":26},"end":{"line":51,"column":27}},"loc":{"start":{"line":51,"column":50},"end":{"line":81,"column":1}},"line":51},"3":{"name":"(anonymous_3)","decl":{"start":{"line":94,"column":22},"end":{"line":94,"column":23}},"loc":{"start":{"line":94,"column":46},"end":{"line":108,"column":1}},"line":94},"4":{"name":"(anonymous_4)","decl":{"start":{"line":121,"column":26},"end":{"line":121,"column":27}},"loc":{"start":{"line":121,"column":50},"end":{"line":138,"column":1}},"line":121},"5":{"name":"(anonymous_5)","decl":{"start":{"line":151,"column":18},"end":{"line":151,"column":19}},"loc":{"start":{"line":151,"column":42},"end":{"line":159,"column":1}},"line":151},"6":{"name":"(anonymous_6)","decl":{"start":{"line":297,"column":14},"end":{"line":297,"column":15}},"loc":{"start":{"line":297,"column":38},"end":{"line":360,"column":1}},"line":297},"7":{"name":"(anonymous_7)","decl":{"start":{"line":332,"column":23},"end":{"line":332,"column":24}},"loc":{"start":{"line":332,"column":34},"end":{"line":339,"column":9}},"line":332},"8":{"name":"(anonymous_8)","decl":{"start":{"line":367,"column":15},"end":{"line":367,"column":16}},"loc":{"start":{"line":367,"column":39},"end":{"line":428,"column":1}},"line":367},"9":{"name":"(anonymous_9)","decl":{"start":{"line":401,"column":23},"end":{"line":401,"column":24}},"loc":{"start":{"line":401,"column":34},"end":{"line":408,"column":9}},"line":401}},"branchMap":{"0":{"loc":{"start":{"line":19,"column":4},"end":{"line":19,"column":34}},"type":"if","locations":[{"start":{"line":19,"column":4},"end":{"line":19,"column":34}},{"start":{},"end":{}}],"line":19},"1":{"loc":{"start":{"line":20,"column":4},"end":{"line":20,"column":25}},"type":"if","locations":[{"start":{"line":20,"column":4},"end":{"line":20,"column":25}},{"start":{},"end":{}}],"line":20},"2":{"loc":{"start":{"line":35,"column":4},"end":{"line":35,"column":34}},"type":"if","locations":[{"start":{"line":35,"column":4},"end":{"line":35,"column":34}},{"start":{},"end":{}}],"line":35},"3":{"loc":{"start":{"line":36,"column":4},"end":{"line":36,"column":25}},"type":"if","locations":[{"start":{"line":36,"column":4},"end":{"line":36,"column":25}},{"start":{},"end":{}}],"line":36},"4":{"loc":{"start":{"line":70,"column":4},"end":{"line":70,"column":35}},"type":"if","locations":[{"start":{"line":70,"column":4},"end":{"line":70,"column":35}},{"start":{},"end":{}}],"line":70},"5":{"loc":{"start":{"line":71,"column":4},"end":{"line":80,"column":5}},"type":"if","locations":[{"start":{"line":71,"column":4},"end":{"line":80,"column":5}},{"start":{},"end":{}}],"line":71},"6":{"loc":{"start":{"line":78,"column":8},"end":{"line":78,"column":41}},"type":"if","locations":[{"start":{"line":78,"column":8},"end":{"line":78,"column":41}},{"start":{},"end":{}}],"line":78},"7":{"loc":{"start":{"line":79,"column":8},"end":{"line":79,"column":58}},"type":"if","locations":[{"start":{"line":79,"column":8},"end":{"line":79,"column":58}},{"start":{},"end":{}}],"line":79},"8":{"loc":{"start":{"line":106,"column":4},"end":{"line":106,"column":35}},"type":"if","locations":[{"start":{"line":106,"column":4},"end":{"line":106,"column":35}},{"start":{},"end":{}}],"line":106},"9":{"loc":{"start":{"line":107,"column":4},"end":{"line":107,"column":26}},"type":"if","locations":[{"start":{"line":107,"column":4},"end":{"line":107,"column":26}},{"start":{},"end":{}}],"line":107},"10":{"loc":{"start":{"line":128,"column":4},"end":{"line":128,"column":35}},"type":"if","locations":[{"start":{"line":128,"column":4},"end":{"line":128,"column":35}},{"start":{},"end":{}}],"line":128},"11":{"loc":{"start":{"line":129,"column":4},"end":{"line":137,"column":5}},"type":"if","locations":[{"start":{"line":129,"column":4},"end":{"line":137,"column":5}},{"start":{},"end":{}}],"line":129},"12":{"loc":{"start":{"line":135,"column":7},"end":{"line":135,"column":39}},"type":"if","locations":[{"start":{"line":135,"column":7},"end":{"line":135,"column":39}},{"start":{},"end":{}}],"line":135},"13":{"loc":{"start":{"line":136,"column":7},"end":{"line":136,"column":57}},"type":"if","locations":[{"start":{"line":136,"column":7},"end":{"line":136,"column":57}},{"start":{},"end":{}}],"line":136},"14":{"loc":{"start":{"line":157,"column":4},"end":{"line":157,"column":34}},"type":"if","locations":[{"start":{"line":157,"column":4},"end":{"line":157,"column":34}},{"start":{},"end":{}}],"line":157},"15":{"loc":{"start":{"line":158,"column":4},"end":{"line":158,"column":25}},"type":"if","locations":[{"start":{"line":158,"column":4},"end":{"line":158,"column":25}},{"start":{},"end":{}}],"line":158},"16":{"loc":{"start":{"line":310,"column":4},"end":{"line":310,"column":35}},"type":"if","locations":[{"start":{"line":310,"column":4},"end":{"line":310,"column":35}},{"start":{},"end":{}}],"line":310},"17":{"loc":{"start":{"line":313,"column":4},"end":{"line":359,"column":5}},"type":"if","locations":[{"start":{"line":313,"column":4},"end":{"line":359,"column":5}},{"start":{},"end":{}}],"line":313},"18":{"loc":{"start":{"line":314,"column":6},"end":{"line":317,"column":7}},"type":"if","locations":[{"start":{"line":314,"column":6},"end":{"line":317,"column":7}},{"start":{},"end":{}}],"line":314},"19":{"loc":{"start":{"line":318,"column":6},"end":{"line":324,"column":7}},"type":"if","locations":[{"start":{"line":318,"column":6},"end":{"line":324,"column":7}},{"start":{},"end":{}}],"line":318},"20":{"loc":{"start":{"line":326,"column":6},"end":{"line":340,"column":5}},"type":"if","locations":[{"start":{"line":326,"column":6},"end":{"line":340,"column":5}},{"start":{},"end":{}}],"line":326},"21":{"loc":{"start":{"line":333,"column":12},"end":{"line":338,"column":13}},"type":"if","locations":[{"start":{"line":333,"column":12},"end":{"line":338,"column":13}},{"start":{},"end":{}}],"line":333},"22":{"loc":{"start":{"line":333,"column":15},"end":{"line":333,"column":64}},"type":"binary-expr","locations":[{"start":{"line":333,"column":16},"end":{"line":333,"column":37}},{"start":{"line":333,"column":45},"end":{"line":333,"column":63}}],"line":333},"23":{"loc":{"start":{"line":343,"column":10},"end":{"line":346,"column":9}},"type":"if","locations":[{"start":{"line":343,"column":10},"end":{"line":346,"column":9}},{"start":{},"end":{}}],"line":343},"24":{"loc":{"start":{"line":347,"column":8},"end":{"line":357,"column":9}},"type":"if","locations":[{"start":{"line":347,"column":8},"end":{"line":357,"column":9}},{"start":{},"end":{}}],"line":347},"25":{"loc":{"start":{"line":380,"column":4},"end":{"line":380,"column":35}},"type":"if","locations":[{"start":{"line":380,"column":4},"end":{"line":380,"column":35}},{"start":{},"end":{}}],"line":380},"26":{"loc":{"start":{"line":383,"column":4},"end":{"line":427,"column":5}},"type":"if","locations":[{"start":{"line":383,"column":4},"end":{"line":427,"column":5}},{"start":{},"end":{}}],"line":383},"27":{"loc":{"start":{"line":384,"column":6},"end":{"line":387,"column":7}},"type":"if","locations":[{"start":{"line":384,"column":6},"end":{"line":387,"column":7}},{"start":{},"end":{}}],"line":384},"28":{"loc":{"start":{"line":388,"column":6},"end":{"line":393,"column":7}},"type":"if","locations":[{"start":{"line":388,"column":6},"end":{"line":393,"column":7}},{"start":{},"end":{}}],"line":388},"29":{"loc":{"start":{"line":395,"column":6},"end":{"line":409,"column":5}},"type":"if","locations":[{"start":{"line":395,"column":6},"end":{"line":409,"column":5}},{"start":{},"end":{}}],"line":395},"30":{"loc":{"start":{"line":402,"column":12},"end":{"line":407,"column":13}},"type":"if","locations":[{"start":{"line":402,"column":12},"end":{"line":407,"column":13}},{"start":{},"end":{}}],"line":402},"31":{"loc":{"start":{"line":402,"column":15},"end":{"line":402,"column":64}},"type":"binary-expr","locations":[{"start":{"line":402,"column":16},"end":{"line":402,"column":37}},{"start":{"line":402,"column":45},"end":{"line":402,"column":63}}],"line":402},"32":{"loc":{"start":{"line":412,"column":10},"end":{"line":415,"column":9}},"type":"if","locations":[{"start":{"line":412,"column":10},"end":{"line":415,"column":9}},{"start":{},"end":{}}],"line":412},"33":{"loc":{"start":{"line":416,"column":8},"end":{"line":425,"column":9}},"type":"if","locations":[{"start":{"line":416,"column":8},"end":{"line":425,"column":9}},{"start":{},"end":{}}],"line":416}},"s":{"0":1,"1":1,"2":1,"3":1,"4":1,"5":1,"6":1,"7":2,"8":2,"9":1,"10":1,"11":1,"12":1,"13":1,"14":2,"15":2,"16":1,"17":1,"18":1,"19":1,"20":1,"21":3,"22":3,"23":1,"24":2,"25":2,"26":2,"27":1,"28":1,"29":1,"30":1,"31":1,"32":2,"33":2,"34":2,"35":1,"36":1,"37":1,"38":1,"39":1,"40":3,"41":3,"42":1,"43":2,"44":2,"45":2,"46":1,"47":1,"48":1,"49":1,"50":1,"51":2,"52":2,"53":1,"54":1,"55":1,"56":1,"57":1,"58":0,"59":0,"60":0,"61":0,"62":0,"63":0,"64":0,"65":0,"66":0,"67":0,"68":0,"69":0,"70":0,"71":0,"72":0,"73":0,"74":0,"75":0,"76":0,"77":0,"78":0,"79":0,"80":0,"81":0,"82":0,"83":0,"84":0,"85":0,"86":0,"87":0,"88":0,"89":0,"90":0,"91":0,"92":0,"93":1,"94":1,"95":2,"96":2,"97":2,"98":2,"99":2,"100":1,"101":1,"102":1,"103":0,"104":1,"105":0,"106":1,"107":0,"108":0,"109":0,"110":0,"111":0,"112":0,"113":0,"114":1,"115":1,"116":0,"117":0,"118":1,"119":0,"120":0,"121":0,"122":0,"123":0,"124":0,"125":0,"126":1},"f":{"0":2,"1":2,"2":3,"3":2,"4":3,"5":2,"6":0,"7":0,"8":2,"9":0},"b":{"0":[1,1],"1":[1,0],"2":[1,1],"3":[1,0],"4":[1,2],"5":[2,0],"6":[1,1],"7":[1,0],"8":[1,1],"9":[1,0],"10":[1,2],"11":[2,0],"12":[1,1],"13":[1,0],"14":[1,1],"15":[1,0],"16":[0,0],"17":[0,0],"18":[0,0],"19":[0,0],"20":[0,0],"21":[0,0],"22":[0,0],"23":[0,0],"24":[0,0],"25":[1,1],"26":[1,0],"27":[0,1],"28":[0,1],"29":[0,1],"30":[0,0],"31":[0,0],"32":[0,1],"33":[0,1]},"_coverageSchema":"1a1c01bbd47fc00a2c39e90264f33305004495a9","hash":"d8f17c077a8ad41922c99faa0bd12a2d9f53e72e"}
}
