TN:
SF:global_functions.js
FN:3,(anonymous_0)
FN:12,(anonymous_1)
FN:23,(anonymous_2)
FN:25,(anonymous_3)
FN:28,(anonymous_4)
FN:35,(anonymous_5)
FN:44,(anonymous_6)
FNF:7
FNH:6
FNDA:9,(anonymous_0)
FNDA:6,(anonymous_1)
FNDA:36,(anonymous_2)
FNDA:18,(anonymous_3)
FNDA:18,(anonymous_4)
FNDA:9,(anonymous_5)
FNDA:0,(anonymous_6)
DA:1,1
DA:3,1
DA:4,9
DA:5,9
DA:7,9
DA:8,9
DA:9,9
DA:12,1
DA:13,6
DA:15,6
DA:16,6
DA:19,6
DA:20,6
DA:23,1
DA:24,36
DA:27,18
DA:30,18
DA:35,1
DA:36,9
DA:37,0
DA:40,9
DA:44,1
DA:45,0
DA:48,1
LF:24
LH:22
BRDA:4,0,0,9
BRDA:4,0,1,0
BRDA:4,1,0,9
BRDA:4,1,1,9
BRDA:8,2,0,9
BRDA:8,2,1,0
BRDA:15,3,0,6
BRDA:15,3,1,0
BRDA:19,4,0,6
BRDA:19,4,1,0
BRDA:36,5,0,0
BRDA:36,5,1,9
BRF:12
BRH:7
end_of_record
TN:
SF:config\config.js
FNF:0
FNH:0
DA:1,1
DA:2,1
DA:3,1
DA:4,1
DA:5,1
DA:6,1
DA:7,1
DA:8,1
DA:9,1
LF:9
LH:9
BRF:0
BRH:0
end_of_record
TN:
SF:config\constant.js
FNF:0
FNH:0
DA:1,1
DA:2,1
DA:3,1
LF:3
LH:3
BRF:0
BRH:0
end_of_record
TN:
SF:controllers\v1\ship.controller.js
FN:19,(anonymous_0)
FN:34,(anonymous_1)
FN:49,(anonymous_2)
FN:64,(anonymous_3)
FN:79,(anonymous_4)
FN:95,(anonymous_5)
FN:110,(anonymous_6)
FNF:7
FNH:7
FNDA:2,(anonymous_0)
FNDA:2,(anonymous_1)
FNDA:3,(anonymous_2)
FNDA:2,(anonymous_3)
FNDA:3,(anonymous_4)
FNDA:2,(anonymous_5)
FNDA:2,(anonymous_6)
DA:1,1
DA:2,1
DA:3,1
DA:4,1
DA:5,1
DA:6,1
DA:7,1
DA:19,1
DA:20,2
DA:21,2
DA:22,2
DA:23,1
DA:34,1
DA:35,2
DA:36,2
DA:37,2
DA:38,1
DA:49,1
DA:50,3
DA:51,3
DA:52,3
DA:53,1
DA:64,1
DA:65,2
DA:66,2
DA:67,2
DA:68,1
DA:79,1
DA:80,3
DA:81,3
DA:82,3
DA:83,1
DA:95,1
DA:96,2
DA:97,2
DA:98,2
DA:99,1
DA:110,1
DA:111,2
DA:112,2
DA:113,2
DA:114,1
DA:125,1
DA:126,1
DA:128,1
DA:129,1
DA:130,1
DA:131,1
DA:132,1
DA:133,1
LF:50
LH:50
BRDA:20,0,0,2
BRDA:20,0,1,0
BRDA:20,1,0,2
BRDA:20,1,1,2
BRDA:22,2,0,1
BRDA:22,2,1,1
BRDA:23,3,0,1
BRDA:23,3,1,0
BRDA:35,4,0,2
BRDA:35,4,1,0
BRDA:35,5,0,2
BRDA:35,5,1,2
BRDA:37,6,0,1
BRDA:37,6,1,1
BRDA:38,7,0,1
BRDA:38,7,1,0
BRDA:50,8,0,3
BRDA:50,8,1,0
BRDA:50,9,0,3
BRDA:50,9,1,3
BRDA:52,10,0,2
BRDA:52,10,1,1
BRDA:53,11,0,1
BRDA:53,11,1,0
BRDA:65,12,0,2
BRDA:65,12,1,0
BRDA:65,13,0,2
BRDA:65,13,1,2
BRDA:67,14,0,1
BRDA:67,14,1,1
BRDA:68,15,0,1
BRDA:68,15,1,0
BRDA:80,16,0,3
BRDA:80,16,1,0
BRDA:80,17,0,3
BRDA:80,17,1,3
BRDA:82,18,0,2
BRDA:82,18,1,1
BRDA:83,19,0,1
BRDA:83,19,1,0
BRDA:96,20,0,2
BRDA:96,20,1,0
BRDA:96,21,0,2
BRDA:96,21,1,2
BRDA:98,22,0,1
BRDA:98,22,1,1
BRDA:99,23,0,1
BRDA:99,23,1,0
BRDA:111,24,0,2
BRDA:111,24,1,0
BRDA:111,25,0,2
BRDA:111,25,1,2
BRDA:113,26,0,1
BRDA:113,26,1,1
BRDA:114,27,0,0
BRDA:114,27,1,1
BRF:56
BRH:42
end_of_record
TN:
SF:middleware\validate-schema.js
FN:3,(anonymous_0)
FNF:1
FNH:0
FNDA:0,(anonymous_0)
DA:1,1
DA:3,1
DA:4,0
DA:6,0
DA:7,0
DA:15,0
DA:17,1
LF:7
LH:3
BRDA:6,0,0,0
BRDA:6,0,1,0
BRF:2
BRH:0
end_of_record
TN:
SF:models\index.js
FN:13,(anonymous_0)
FN:15,(anonymous_1)
FN:22,(anonymous_2)
FN:24,(anonymous_3)
FN:25,(anonymous_4)
FN:26,(anonymous_5)
FN:27,(anonymous_6)
FN:28,(anonymous_7)
FN:29,(anonymous_8)
FN:30,(anonymous_9)
FN:31,(anonymous_10)
FN:36,(anonymous_11)
FN:36,(anonymous_12)
FN:36,(anonymous_13)
FN:36,(anonymous_14)
FN:62,(anonymous_15)
FN:65,(anonymous_16)
FN:66,(anonymous_17)
FN:68,(anonymous_18)
FN:72,(anonymous_19)
FN:79,(anonymous_20)
FN:81,(anonymous_21)
FN:88,(anonymous_22)
FN:102,(anonymous_23)
FNF:24
FNH:3
FNDA:1,(anonymous_0)
FNDA:2,(anonymous_1)
FNDA:2,(anonymous_2)
FNDA:0,(anonymous_3)
FNDA:0,(anonymous_4)
FNDA:0,(anonymous_5)
FNDA:0,(anonymous_6)
FNDA:0,(anonymous_7)
FNDA:0,(anonymous_8)
FNDA:0,(anonymous_9)
FNDA:0,(anonymous_10)
FNDA:0,(anonymous_11)
FNDA:0,(anonymous_12)
FNDA:0,(anonymous_13)
FNDA:0,(anonymous_14)
FNDA:0,(anonymous_15)
FNDA:0,(anonymous_16)
FNDA:0,(anonymous_17)
FNDA:0,(anonymous_18)
FNDA:0,(anonymous_19)
FNDA:0,(anonymous_20)
FNDA:0,(anonymous_21)
FNDA:0,(anonymous_22)
FNDA:0,(anonymous_23)
DA:2,1
DA:3,1
DA:5,1
DA:6,1
DA:7,1
DA:8,1
DA:9,1
DA:11,1
DA:12,1
DA:13,1
DA:14,1
DA:16,2
DA:23,2
DA:35,1
DA:36,0
DA:42,0
DA:62,0
DA:63,0
DA:64,0
DA:66,0
DA:67,0
DA:68,0
DA:73,0
DA:76,0
DA:79,0
DA:80,0
DA:82,0
DA:91,0
DA:95,0
DA:102,0
DA:104,0
DA:105,0
DA:108,0
DA:109,0
DA:110,0
DA:114,1
LF:36
LH:15
BRDA:12,0,0,1
BRDA:12,0,1,0
BRDA:12,1,0,1
BRDA:12,1,1,1
BRDA:17,2,0,2
BRDA:17,2,1,2
BRDA:17,2,2,2
BRDA:36,3,0,0
BRDA:36,3,1,0
BRDA:36,4,0,0
BRDA:36,4,1,0
BRDA:67,5,0,0
BRDA:67,5,1,0
BRDA:83,6,0,0
BRDA:83,6,1,0
BRDA:83,6,2,0
BRDA:104,7,0,0
BRDA:104,7,1,0
BRF:18
BRH:6
end_of_record
TN:
SF:routes\ship.validater.js
FNF:0
FNH:0
DA:1,1
DA:2,1
DA:12,1
DA:14,1
DA:20,1
LF:5
LH:5
BRF:0
BRH:0
end_of_record
TN:
SF:services\ship\ship.service.js
FN:17,(anonymous_0)
FN:33,(anonymous_1)
FN:51,(anonymous_2)
FN:94,(anonymous_3)
FN:121,(anonymous_4)
FN:151,(anonymous_5)
FN:297,(anonymous_6)
FN:332,(anonymous_7)
FN:367,(anonymous_8)
FN:401,(anonymous_9)
FNF:10
FNH:7
FNDA:2,(anonymous_0)
FNDA:2,(anonymous_1)
FNDA:3,(anonymous_2)
FNDA:2,(anonymous_3)
FNDA:3,(anonymous_4)
FNDA:2,(anonymous_5)
FNDA:0,(anonymous_6)
FNDA:0,(anonymous_7)
FNDA:2,(anonymous_8)
FNDA:0,(anonymous_9)
DA:1,1
DA:2,1
DA:3,1
DA:4,1
DA:5,1
DA:6,1
DA:17,1
DA:18,2
DA:19,2
DA:20,1
DA:22,1
DA:33,1
DA:34,2
DA:35,2
DA:36,1
DA:38,1
DA:51,1
DA:52,3
DA:70,3
DA:71,2
DA:72,2
DA:78,2
DA:79,1
DA:82,1
DA:94,1
DA:95,2
DA:96,2
DA:106,2
DA:107,1
DA:109,1
DA:121,1
DA:122,3
DA:128,3
DA:129,2
DA:130,2
DA:135,2
DA:136,1
DA:140,1
DA:151,1
DA:152,2
DA:157,2
DA:158,1
DA:160,1
DA:297,1
DA:298,0
DA:299,0
DA:310,0
DA:312,0
DA:313,0
DA:314,0
DA:315,0
DA:316,0
DA:318,0
DA:320,0
DA:323,0
DA:326,0
DA:327,0
DA:328,0
DA:330,0
DA:332,0
DA:333,0
DA:334,0
DA:335,0
DA:337,0
DA:341,0
DA:343,0
DA:344,0
DA:345,0
DA:347,0
DA:350,0
DA:351,0
DA:352,0
DA:353,0
DA:354,0
DA:356,0
DA:364,1
DA:367,1
DA:368,2
DA:369,2
DA:380,2
DA:383,1
DA:384,1
DA:385,0
DA:388,1
DA:390,0
DA:395,1
DA:396,0
DA:397,0
DA:401,0
DA:402,0
DA:403,0
DA:404,0
DA:406,0
DA:410,1
DA:412,1
DA:413,0
DA:414,0
DA:416,1
DA:418,0
DA:419,0
DA:420,0
DA:421,0
DA:422,0
DA:424,0
DA:430,1
LF:105
LH:57
BRDA:19,0,0,1
BRDA:19,0,1,1
BRDA:20,1,0,1
BRDA:20,1,1,0
BRDA:35,2,0,1
BRDA:35,2,1,1
BRDA:36,3,0,1
BRDA:36,3,1,0
BRDA:70,4,0,1
BRDA:70,4,1,2
BRDA:71,5,0,2
BRDA:71,5,1,0
BRDA:78,6,0,1
BRDA:78,6,1,1
BRDA:79,7,0,1
BRDA:79,7,1,0
BRDA:106,8,0,1
BRDA:106,8,1,1
BRDA:107,9,0,1
BRDA:107,9,1,0
BRDA:128,10,0,1
BRDA:128,10,1,2
BRDA:129,11,0,2
BRDA:129,11,1,0
BRDA:135,12,0,1
BRDA:135,12,1,1
BRDA:136,13,0,1
BRDA:136,13,1,0
BRDA:157,14,0,1
BRDA:157,14,1,1
BRDA:158,15,0,1
BRDA:158,15,1,0
BRDA:310,16,0,0
BRDA:310,16,1,0
BRDA:313,17,0,0
BRDA:313,17,1,0
BRDA:314,18,0,0
BRDA:314,18,1,0
BRDA:318,19,0,0
BRDA:318,19,1,0
BRDA:326,20,0,0
BRDA:326,20,1,0
BRDA:333,21,0,0
BRDA:333,21,1,0
BRDA:333,22,0,0
BRDA:333,22,1,0
BRDA:343,23,0,0
BRDA:343,23,1,0
BRDA:347,24,0,0
BRDA:347,24,1,0
BRDA:380,25,0,1
BRDA:380,25,1,1
BRDA:383,26,0,1
BRDA:383,26,1,0
BRDA:384,27,0,0
BRDA:384,27,1,1
BRDA:388,28,0,0
BRDA:388,28,1,1
BRDA:395,29,0,0
BRDA:395,29,1,1
BRDA:402,30,0,0
BRDA:402,30,1,0
BRDA:402,31,0,0
BRDA:402,31,1,0
BRDA:412,32,0,0
BRDA:412,32,1,1
BRDA:416,33,0,0
BRDA:416,33,1,1
BRF:68
BRH:32
end_of_record
